2018-12-21 21:03:58.174 DEBUG 19600 --- [main] o.s.web.context.ContextLoader            : Published root WebApplicationContext as ServletContext attribute with name [org.springframework.web.context.WebApplicationContext.ROOT]
2018-12-21 21:03:58.179  INFO 19600 --- [main] o.s.web.context.ContextLoader            : Root WebApplicationContext: initialization completed in 2567 ms
2018-12-21 21:04:01.091 DEBUG 19600 --- [main] o.s.w.s.handler.SimpleUrlHandlerMapping  : Patterns [/**/favicon.ico] in 'faviconHandlerMapping'
2018-12-21 21:04:01.409 DEBUG 19600 --- [main] s.w.s.m.m.a.RequestMappingHandlerAdapter : ControllerAdvice beans: 0 @ModelAttribute, 0 @InitBinder, 1 RequestBodyAdvice, 1 ResponseBodyAdvice
2018-12-21 21:04:01.501  WARN 19600 --- [main] aWebConfiguration$JpaWebMvcConfiguration : spring.jpa.open-in-view is enabled by default. Therefore, database queries may be performed during view rendering. Explicitly configure spring.jpa.open-in-view to disable this warning
2018-12-21 21:04:01.569 DEBUG 19600 --- [main] s.w.s.m.m.a.RequestMappingHandlerMapping : 7 mappings in 'requestMappingHandlerMapping'
2018-12-21 21:04:01.597 DEBUG 19600 --- [main] o.s.w.s.handler.SimpleUrlHandlerMapping  : Patterns [/webjars/**, /**] in 'resourceHandlerMapping'
2018-12-21 21:04:01.617 DEBUG 19600 --- [main] .m.m.a.ExceptionHandlerExceptionResolver : ControllerAdvice beans: 0 @ExceptionHandler, 1 ResponseBodyAdvice
2018-12-21 21:04:47.651  INFO 19600 --- [http-nio-8080-exec-2] o.s.web.servlet.DispatcherServlet        : Initializing Servlet 'dispatcherServlet'
2018-12-21 21:04:47.652 DEBUG 19600 --- [http-nio-8080-exec-2] o.s.web.servlet.DispatcherServlet        : Detected StandardServletMultipartResolver
2018-12-21 21:04:47.665 DEBUG 19600 --- [http-nio-8080-exec-2] o.s.web.servlet.DispatcherServlet        : enableLoggingRequestDetails='false': request parameters and headers will be masked to prevent unsafe logging of potentially sensitive data
2018-12-21 21:04:47.665  INFO 19600 --- [http-nio-8080-exec-2] o.s.web.servlet.DispatcherServlet        : Completed initialization in 13 ms
2018-12-21 21:04:47.685 DEBUG 19600 --- [http-nio-8080-exec-2] o.s.web.servlet.DispatcherServlet        : GET "/produto", parameters={}
2018-12-21 21:04:47.693 DEBUG 19600 --- [http-nio-8080-exec-2] s.w.s.m.m.a.RequestMappingHandlerMapping : Mapped to public br.com.veck.carrinho.rest.Resposta br.com.veck.carrinho.controller.RestController.consultarTodos()
2018-12-21 21:04:48.261 DEBUG 19600 --- [http-nio-8080-exec-2] m.m.a.RequestResponseBodyMethodProcessor : Using 'application/json', given [*/*] and supported [application/json, application/*+json, application/json, application/*+json]
2018-12-21 21:04:48.262 DEBUG 19600 --- [http-nio-8080-exec-2] m.m.a.RequestResponseBodyMethodProcessor : Writing [br.com.veck.carrinho.rest.Resposta@7118f86a]
2018-12-21 21:04:48.288 DEBUG 19600 --- [http-nio-8080-exec-2] o.s.web.servlet.DispatcherServlet        : Completed 200 OK
2018-12-21 21:06:03.741 DEBUG 19600 --- [http-nio-8080-exec-5] o.s.web.servlet.DispatcherServlet        : POST "/produto", parameters={}
2018-12-21 21:06:03.743 DEBUG 19600 --- [http-nio-8080-exec-5] s.w.s.m.m.a.RequestMappingHandlerMapping : Mapped to public br.com.veck.carrinho.rest.Resposta br.com.veck.carrinho.controller.RestController.salvarProduto(br.com.veck.carrinho.model.Produto)
2018-12-21 21:06:03.807 DEBUG 19600 --- [http-nio-8080-exec-5] m.m.a.RequestResponseBodyMethodProcessor : Read "application/json;charset=UTF-8" to [br.com.veck.carrinho.model.Produto@124dfa49]
2018-12-21 21:06:03.879 DEBUG 19600 --- [http-nio-8080-exec-5] m.m.a.RequestResponseBodyMethodProcessor : Using 'application/json', given [*/*] and supported [application/json, application/*+json, application/json, application/*+json]
2018-12-21 21:06:03.880 DEBUG 19600 --- [http-nio-8080-exec-5] m.m.a.RequestResponseBodyMethodProcessor : Writing [br.com.veck.carrinho.rest.Resposta@47e1969c]
2018-12-21 21:06:03.887 DEBUG 19600 --- [http-nio-8080-exec-5] o.s.web.servlet.DispatcherServlet        : Completed 200 OK
2018-12-21 21:06:18.905 DEBUG 19600 --- [http-nio-8080-exec-6] o.s.web.servlet.DispatcherServlet        : GET "/produto", parameters={}
2018-12-21 21:06:18.906 DEBUG 19600 --- [http-nio-8080-exec-6] s.w.s.m.m.a.RequestMappingHandlerMapping : Mapped to public br.com.veck.carrinho.rest.Resposta br.com.veck.carrinho.controller.RestController.consultarTodos()
2018-12-21 21:06:18.919 DEBUG 19600 --- [http-nio-8080-exec-6] m.m.a.RequestResponseBodyMethodProcessor : Using 'application/json', given [*/*] and supported [application/json, application/*+json, application/json, application/*+json]
2018-12-21 21:06:18.919 DEBUG 19600 --- [http-nio-8080-exec-6] m.m.a.RequestResponseBodyMethodProcessor : Writing [br.com.veck.carrinho.rest.Resposta@57fb033c]
2018-12-21 21:06:18.926 DEBUG 19600 --- [http-nio-8080-exec-6] o.s.web.servlet.DispatcherServlet        : Completed 200 OK
2018-12-21 21:06:49.928  INFO 19693 --- [main] b.com.veck.carrinho.CarrinhoApplication  : Starting CarrinhoApplication on MacBook-Pro.local with PID 19693 (/Users/rafaelveck/workspace/carrinhocomprassimples/target/classes started by rafaelveck in /Users/rafaelveck/workspace/carrinhocomprassimples)
2018-12-21 21:06:49.939  INFO 19693 --- [main] b.com.veck.carrinho.CarrinhoApplication  : No active profile set, falling back to default profiles: default
2018-12-21 21:06:50.976  INFO 19693 --- [main] .s.d.r.c.RepositoryConfigurationDelegate : Bootstrapping Spring Data repositories in DEFAULT mode.
2018-12-21 21:06:51.070  INFO 19693 --- [main] .s.d.r.c.RepositoryConfigurationDelegate : Finished Spring Data repository scanning in 84ms. Found 1 repository interfaces.
2018-12-21 21:06:51.627  INFO 19693 --- [main] trationDelegate$BeanPostProcessorChecker : Bean 'org.springframework.transaction.annotation.ProxyTransactionManagementConfiguration' of type [org.springframework.transaction.annotation.ProxyTransactionManagementConfiguration$$EnhancerBySpringCGLIB$$7ec77375] is not eligible for getting processed by all BeanPostProcessors (for example: not eligible for auto-proxying)
2018-12-21 21:06:52.113  INFO 19693 --- [main] o.s.b.w.embedded.tomcat.TomcatWebServer  : Tomcat initialized with port(s): 8080 (http)
2018-12-21 21:06:52.152  INFO 19693 --- [main] o.apache.catalina.core.StandardService   : Starting service [Tomcat]
2018-12-21 21:06:52.153  INFO 19693 --- [main] org.apache.catalina.core.StandardEngine  : Starting Servlet Engine: Apache Tomcat/9.0.13
2018-12-21 21:06:52.169  INFO 19693 --- [main] o.a.catalina.core.AprLifecycleListener   : The APR based Apache Tomcat Native library which allows optimal performance in production environments was not found on the java.library.path: [/Users/rafaelveck/Library/Java/Extensions:/Library/Java/Extensions:/Network/Library/Java/Extensions:/System/Library/Java/Extensions:/usr/lib/java:.]
2018-12-21 21:06:52.316  INFO 19693 --- [main] o.a.c.c.C.[Tomcat].[localhost].[/]       : Initializing Spring embedded WebApplicationContext
2018-12-21 21:06:52.317  INFO 19693 --- [main] o.s.web.context.ContextLoader            : Root WebApplicationContext: initialization completed in 2295 ms
2018-12-21 21:06:52.727  INFO 19693 --- [main] com.zaxxer.hikari.HikariDataSource       : HikariPool-1 - Starting...
2018-12-21 21:06:52.956  INFO 19693 --- [main] com.zaxxer.hikari.HikariDataSource       : HikariPool-1 - Start completed.
2018-12-21 21:06:53.023  INFO 19693 --- [main] o.hibernate.jpa.internal.util.LogHelper  : HHH000204: Processing PersistenceUnitInfo [
	name: default
	...]
2018-12-21 21:06:53.139  INFO 19693 --- [main] org.hibernate.Version                    : HHH000412: Hibernate Core {5.3.7.Final}
2018-12-21 21:06:53.141  INFO 19693 --- [main] org.hibernate.cfg.Environment            : HHH000206: hibernate.properties not found
2018-12-21 21:06:53.300  INFO 19693 --- [main] o.hibernate.annotations.common.Version   : HCANN000001: Hibernate Commons Annotations {5.0.4.Final}
2018-12-21 21:06:53.485  INFO 19693 --- [main] org.hibernate.dialect.Dialect            : HHH000400: Using dialect: org.hibernate.dialect.MySQL5Dialect
2018-12-21 21:06:54.283  INFO 19693 --- [main] j.LocalContainerEntityManagerFactoryBean : Initialized JPA EntityManagerFactory for persistence unit 'default'
2018-12-21 21:06:54.976  INFO 19693 --- [main] o.s.s.concurrent.ThreadPoolTaskExecutor  : Initializing ExecutorService 'applicationTaskExecutor'
2018-12-21 21:06:55.076  WARN 19693 --- [main] aWebConfiguration$JpaWebMvcConfiguration : spring.jpa.open-in-view is enabled by default. Therefore, database queries may be performed during view rendering. Explicitly configure spring.jpa.open-in-view to disable this warning
2018-12-21 21:06:55.558  INFO 19693 --- [main] o.s.b.w.embedded.tomcat.TomcatWebServer  : Tomcat started on port(s): 8080 (http) with context path ''
2018-12-21 21:06:55.563  INFO 19693 --- [main] b.com.veck.carrinho.CarrinhoApplication  : Started CarrinhoApplication in 6.287 seconds (JVM running for 6.883)
2018-12-21 21:07:01.103  INFO 19693 --- [http-nio-8080-exec-2] o.a.c.c.C.[Tomcat].[localhost].[/]       : Initializing Spring DispatcherServlet 'dispatcherServlet'
2018-12-21 21:07:01.104  INFO 19693 --- [http-nio-8080-exec-2] o.s.web.servlet.DispatcherServlet        : Initializing Servlet 'dispatcherServlet'
2018-12-21 21:07:01.116  INFO 19693 --- [http-nio-8080-exec-2] o.s.web.servlet.DispatcherServlet        : Completed initialization in 12 ms
2018-12-21 21:07:01.228  INFO 19693 --- [http-nio-8080-exec-2] o.h.h.i.QueryTranslatorFactoryInitiator  : HHH000397: Using ASTQueryTranslatorFactory
2018-12-21 21:07:01.537  INFO 19693 --- [http-nio-8080-exec-2] b.c.v.c.controller.RestController        : Consultando todos os produtos
2018-12-21 21:07:08.569  INFO 19693 --- [http-nio-8080-exec-3] b.c.v.c.controller.RestController        : Salvando novo produto $s
2018-12-21 21:07:11.751  INFO 19693 --- [http-nio-8080-exec-4] b.c.v.c.controller.RestController        : Atualizando produto $s
2018-12-21 21:07:21.078  INFO 19693 --- [http-nio-8080-exec-5] b.c.v.c.controller.RestController        : Consultando todos os produtos
2018-12-21 21:07:30.667  INFO 19693 --- [http-nio-8080-exec-6] b.c.v.c.controller.RestController        : Atualizando produto $s
2018-12-21 21:51:44.770  INFO 20950 --- [main] b.com.veck.carrinho.CarrinhoApplication  : Starting CarrinhoApplication on MacBook-Pro.local with PID 20950 (/Users/rafaelveck/workspace/carrinhocomprassimples/target/classes started by rafaelveck in /Users/rafaelveck/workspace/carrinhocomprassimples)
2018-12-21 21:51:44.776  INFO 20950 --- [main] b.com.veck.carrinho.CarrinhoApplication  : No active profile set, falling back to default profiles: default
2018-12-21 21:51:45.992  INFO 20950 --- [main] .s.d.r.c.RepositoryConfigurationDelegate : Bootstrapping Spring Data repositories in DEFAULT mode.
2018-12-21 21:51:46.102  INFO 20950 --- [main] .s.d.r.c.RepositoryConfigurationDelegate : Finished Spring Data repository scanning in 92ms. Found 1 repository interfaces.
2018-12-21 21:51:46.941  INFO 20950 --- [main] trationDelegate$BeanPostProcessorChecker : Bean 'org.springframework.transaction.annotation.ProxyTransactionManagementConfiguration' of type [org.springframework.transaction.annotation.ProxyTransactionManagementConfiguration$$EnhancerBySpringCGLIB$$e3208ec7] is not eligible for getting processed by all BeanPostProcessors (for example: not eligible for auto-proxying)
2018-12-21 21:51:47.542  INFO 20950 --- [main] o.s.b.w.embedded.tomcat.TomcatWebServer  : Tomcat initialized with port(s): 8080 (http)
2018-12-21 21:51:47.577  INFO 20950 --- [main] o.apache.catalina.core.StandardService   : Starting service [Tomcat]
2018-12-21 21:51:47.577  INFO 20950 --- [main] org.apache.catalina.core.StandardEngine  : Starting Servlet Engine: Apache Tomcat/9.0.13
2018-12-21 21:51:47.592  INFO 20950 --- [main] o.a.catalina.core.AprLifecycleListener   : The APR based Apache Tomcat Native library which allows optimal performance in production environments was not found on the java.library.path: [/Users/rafaelveck/Library/Java/Extensions:/Library/Java/Extensions:/Network/Library/Java/Extensions:/System/Library/Java/Extensions:/usr/lib/java:.]
2018-12-21 21:51:47.733  INFO 20950 --- [main] o.a.c.c.C.[Tomcat].[localhost].[/]       : Initializing Spring embedded WebApplicationContext
2018-12-21 21:51:47.734  INFO 20950 --- [main] o.s.web.context.ContextLoader            : Root WebApplicationContext: initialization completed in 2871 ms
2018-12-21 21:51:48.107  INFO 20950 --- [main] com.zaxxer.hikari.HikariDataSource       : HikariPool-1 - Starting...
2018-12-21 21:51:48.398  INFO 20950 --- [main] com.zaxxer.hikari.HikariDataSource       : HikariPool-1 - Start completed.
2018-12-21 21:51:48.496  INFO 20950 --- [main] o.hibernate.jpa.internal.util.LogHelper  : HHH000204: Processing PersistenceUnitInfo [
	name: default
	...]
2018-12-21 21:51:48.669  INFO 20950 --- [main] org.hibernate.Version                    : HHH000412: Hibernate Core {5.3.7.Final}
2018-12-21 21:51:48.672  INFO 20950 --- [main] org.hibernate.cfg.Environment            : HHH000206: hibernate.properties not found
2018-12-21 21:51:48.970  INFO 20950 --- [main] o.hibernate.annotations.common.Version   : HCANN000001: Hibernate Commons Annotations {5.0.4.Final}
2018-12-21 21:51:49.306  INFO 20950 --- [main] org.hibernate.dialect.Dialect            : HHH000400: Using dialect: org.hibernate.dialect.MySQL5Dialect
2018-12-21 21:51:50.475  INFO 20950 --- [main] j.LocalContainerEntityManagerFactoryBean : Initialized JPA EntityManagerFactory for persistence unit 'default'
2018-12-21 21:51:51.351  INFO 20950 --- [main] o.s.s.concurrent.ThreadPoolTaskExecutor  : Initializing ExecutorService 'applicationTaskExecutor'
2018-12-21 21:51:51.446  WARN 20950 --- [main] aWebConfiguration$JpaWebMvcConfiguration : spring.jpa.open-in-view is enabled by default. Therefore, database queries may be performed during view rendering. Explicitly configure spring.jpa.open-in-view to disable this warning
2018-12-21 21:51:51.853  INFO 20950 --- [main] o.s.b.w.embedded.tomcat.TomcatWebServer  : Tomcat started on port(s): 8080 (http) with context path ''
2018-12-21 21:51:51.858  INFO 20950 --- [main] b.com.veck.carrinho.CarrinhoApplication  : Started CarrinhoApplication in 7.988 seconds (JVM running for 8.631)
2018-12-21 21:53:07.911  INFO 20950 --- [http-nio-8080-exec-1] o.a.c.c.C.[Tomcat].[localhost].[/]       : Initializing Spring DispatcherServlet 'dispatcherServlet'
2018-12-21 21:53:07.912  INFO 20950 --- [http-nio-8080-exec-1] o.s.web.servlet.DispatcherServlet        : Initializing Servlet 'dispatcherServlet'
2018-12-21 21:53:07.925  INFO 20950 --- [http-nio-8080-exec-1] o.s.web.servlet.DispatcherServlet        : Completed initialization in 13 ms
2018-12-21 21:53:07.966  INFO 20950 --- [http-nio-8080-exec-1] b.c.v.c.c.RestCarrinhoController         : Consultando todos os produtos no carrinho
2018-12-21 21:54:04.043  INFO 20950 --- [http-nio-8080-exec-4] b.c.v.c.c.RestCarrinhoController         : Adicionando produto null no carrinho
2018-12-21 21:54:08.839  INFO 20950 --- [http-nio-8080-exec-5] b.c.v.c.c.RestCarrinhoController         : Consultando todos os produtos no carrinho
2018-12-21 21:54:27.008  INFO 20950 --- [http-nio-8080-exec-6] b.c.v.c.c.RestCarrinhoController         : Consultando todos os produtos no carrinho
2018-12-21 21:54:34.327  INFO 20950 --- [http-nio-8080-exec-7] b.c.v.c.c.RestCarrinhoController         : Consultando todos os produtos no carrinho
2018-12-21 21:54:38.053  INFO 20950 --- [http-nio-8080-exec-8] b.c.v.c.c.RestCarrinhoController         : Consultando todos os produtos no carrinho
2018-12-21 21:57:34.310  INFO 20950 --- [http-nio-8080-exec-4] b.c.v.c.c.RestCarrinhoController         : Atualizando a quantidade do produto 2 no carrinho
2018-12-21 21:57:42.025  INFO 20950 --- [http-nio-8080-exec-5] b.c.v.c.c.RestCarrinhoController         : Consultando todos os produtos no carrinho
2018-12-21 21:57:51.698  INFO 20950 --- [http-nio-8080-exec-6] b.c.v.c.c.RestCarrinhoController         : Atualizando a quantidade do produto 3 no carrinho
2018-12-21 21:58:19.497  INFO 20950 --- [http-nio-8080-exec-7] b.c.v.c.c.RestCarrinhoController         : Removendo produto 1
2018-12-21 21:58:24.611  INFO 20950 --- [http-nio-8080-exec-8] b.c.v.c.c.RestCarrinhoController         : Removendo produto 2
2018-12-21 21:58:27.984  INFO 20950 --- [http-nio-8080-exec-9] b.c.v.c.c.RestCarrinhoController         : Consultando todos os produtos no carrinho
2018-12-21 22:17:28.968  INFO 21756 --- [main] b.com.veck.carrinho.CarrinhoApplication  : Starting CarrinhoApplication on MacBook-Pro.local with PID 21756 (/Users/rafaelveck/workspace/carrinhocomprassimples/target/classes started by rafaelveck in /Users/rafaelveck/workspace/carrinhocomprassimples)
2018-12-21 22:17:28.975  INFO 21756 --- [main] b.com.veck.carrinho.CarrinhoApplication  : No active profile set, falling back to default profiles: default
2018-12-21 22:17:29.973  INFO 21756 --- [main] .s.d.r.c.RepositoryConfigurationDelegate : Bootstrapping Spring Data repositories in DEFAULT mode.
2018-12-21 22:17:30.048  INFO 21756 --- [main] .s.d.r.c.RepositoryConfigurationDelegate : Finished Spring Data repository scanning in 64ms. Found 1 repository interfaces.
2018-12-21 22:17:30.596  INFO 21756 --- [main] trationDelegate$BeanPostProcessorChecker : Bean 'org.springframework.transaction.annotation.ProxyTransactionManagementConfiguration' of type [org.springframework.transaction.annotation.ProxyTransactionManagementConfiguration$$EnhancerBySpringCGLIB$$e8d47942] is not eligible for getting processed by all BeanPostProcessors (for example: not eligible for auto-proxying)
2018-12-21 22:17:31.084  INFO 21756 --- [main] o.s.b.w.embedded.tomcat.TomcatWebServer  : Tomcat initialized with port(s): 8080 (http)
2018-12-21 22:17:31.124  INFO 21756 --- [main] o.apache.catalina.core.StandardService   : Starting service [Tomcat]
2018-12-21 22:17:31.124  INFO 21756 --- [main] org.apache.catalina.core.StandardEngine  : Starting Servlet Engine: Apache Tomcat/9.0.13
2018-12-21 22:17:31.137  INFO 21756 --- [main] o.a.catalina.core.AprLifecycleListener   : The APR based Apache Tomcat Native library which allows optimal performance in production environments was not found on the java.library.path: [/Users/rafaelveck/Library/Java/Extensions:/Library/Java/Extensions:/Network/Library/Java/Extensions:/System/Library/Java/Extensions:/usr/lib/java:.]
2018-12-21 22:17:31.286  INFO 21756 --- [main] o.a.c.c.C.[Tomcat].[localhost].[/]       : Initializing Spring embedded WebApplicationContext
2018-12-21 22:17:31.286  INFO 21756 --- [main] o.s.web.context.ContextLoader            : Root WebApplicationContext: initialization completed in 2246 ms
2018-12-21 22:17:31.669  INFO 21756 --- [main] com.zaxxer.hikari.HikariDataSource       : HikariPool-1 - Starting...
2018-12-21 22:17:31.932  INFO 21756 --- [main] com.zaxxer.hikari.HikariDataSource       : HikariPool-1 - Start completed.
2018-12-21 22:17:32.006  INFO 21756 --- [main] o.hibernate.jpa.internal.util.LogHelper  : HHH000204: Processing PersistenceUnitInfo [
	name: default
	...]
2018-12-21 22:17:32.119  INFO 21756 --- [main] org.hibernate.Version                    : HHH000412: Hibernate Core {5.3.7.Final}
2018-12-21 22:17:32.126  INFO 21756 --- [main] org.hibernate.cfg.Environment            : HHH000206: hibernate.properties not found
2018-12-21 22:17:32.398  INFO 21756 --- [main] o.hibernate.annotations.common.Version   : HCANN000001: Hibernate Commons Annotations {5.0.4.Final}
2018-12-21 22:17:32.671  INFO 21756 --- [main] org.hibernate.dialect.Dialect            : HHH000400: Using dialect: org.hibernate.dialect.MySQL5Dialect
2018-12-21 22:17:33.706  INFO 21756 --- [main] j.LocalContainerEntityManagerFactoryBean : Initialized JPA EntityManagerFactory for persistence unit 'default'
2018-12-21 22:17:34.094  INFO 21756 --- [main] f.a.AutowiredAnnotationBeanPostProcessor : Autowired annotation is not supported on static methods: public static void br.com.veck.carrinho.util.Mensagens.setERRO_CARRINHO_VAZIO(java.lang.String)
2018-12-21 22:17:34.095  INFO 21756 --- [main] f.a.AutowiredAnnotationBeanPostProcessor : Autowired annotation is not supported on static methods: public static void br.com.veck.carrinho.util.Mensagens.setERRO_CAMPO_OBRIGATORIO(java.lang.String)
2018-12-21 22:17:34.095  INFO 21756 --- [main] f.a.AutowiredAnnotationBeanPostProcessor : Autowired annotation is not supported on static methods: public static void br.com.veck.carrinho.util.Mensagens.setPRODUTO_JA_ADICIONADO(java.lang.String)
2018-12-21 22:17:34.095  INFO 21756 --- [main] f.a.AutowiredAnnotationBeanPostProcessor : Autowired annotation is not supported on static methods: public static void br.com.veck.carrinho.util.Mensagens.setERRO_PRODUTO_NAO_ENCONTRADO_PARA_ATUALIZACAO(java.lang.String)
2018-12-21 22:17:34.096  INFO 21756 --- [main] f.a.AutowiredAnnotationBeanPostProcessor : Autowired annotation is not supported on static methods: public static void br.com.veck.carrinho.util.Mensagens.setERRO_PRODUTO_NAO_ENCONTRADO_CARRINHO(java.lang.String)
2018-12-21 22:17:34.096  INFO 21756 --- [main] f.a.AutowiredAnnotationBeanPostProcessor : Autowired annotation is not supported on static methods: public static void br.com.veck.carrinho.util.Mensagens.setCAMPO_ID(java.lang.String)
2018-12-21 22:17:34.433  INFO 21756 --- [main] o.s.s.concurrent.ThreadPoolTaskExecutor  : Initializing ExecutorService 'applicationTaskExecutor'
2018-12-21 22:17:34.516  WARN 21756 --- [main] aWebConfiguration$JpaWebMvcConfiguration : spring.jpa.open-in-view is enabled by default. Therefore, database queries may be performed during view rendering. Explicitly configure spring.jpa.open-in-view to disable this warning
2018-12-21 22:17:34.894  INFO 21756 --- [main] o.s.b.w.embedded.tomcat.TomcatWebServer  : Tomcat started on port(s): 8080 (http) with context path ''
2018-12-21 22:17:34.898  INFO 21756 --- [main] b.com.veck.carrinho.CarrinhoApplication  : Started CarrinhoApplication in 6.694 seconds (JVM running for 7.344)
2018-12-21 22:17:46.818  INFO 21756 --- [http-nio-8080-exec-2] o.a.c.c.C.[Tomcat].[localhost].[/]       : Initializing Spring DispatcherServlet 'dispatcherServlet'
2018-12-21 22:17:46.818  INFO 21756 --- [http-nio-8080-exec-2] o.s.web.servlet.DispatcherServlet        : Initializing Servlet 'dispatcherServlet'
2018-12-21 22:17:46.829  INFO 21756 --- [http-nio-8080-exec-2] o.s.web.servlet.DispatcherServlet        : Completed initialization in 11 ms
2018-12-21 22:17:46.863  INFO 21756 --- [http-nio-8080-exec-2] b.c.v.c.c.RestCarrinhoController         : Consultando todos os produtos no carrinho
2018-12-21 22:18:56.813  INFO 21756 --- [http-nio-8080-exec-5] b.c.v.c.c.RestCarrinhoController         : Consultando todos os produtos no carrinho
2018-12-21 22:19:07.939  INFO 21793 --- [main] b.com.veck.carrinho.CarrinhoApplication  : Starting CarrinhoApplication on MacBook-Pro.local with PID 21793 (/Users/rafaelveck/workspace/carrinhocomprassimples/target/classes started by rafaelveck in /Users/rafaelveck/workspace/carrinhocomprassimples)
2018-12-21 22:19:07.949  INFO 21793 --- [main] b.com.veck.carrinho.CarrinhoApplication  : No active profile set, falling back to default profiles: default
2018-12-21 22:19:09.036  INFO 21793 --- [main] .s.d.r.c.RepositoryConfigurationDelegate : Bootstrapping Spring Data repositories in DEFAULT mode.
2018-12-21 22:19:09.120  INFO 21793 --- [main] .s.d.r.c.RepositoryConfigurationDelegate : Finished Spring Data repository scanning in 74ms. Found 1 repository interfaces.
2018-12-21 22:19:09.657  INFO 21793 --- [main] trationDelegate$BeanPostProcessorChecker : Bean 'org.springframework.transaction.annotation.ProxyTransactionManagementConfiguration' of type [org.springframework.transaction.annotation.ProxyTransactionManagementConfiguration$$EnhancerBySpringCGLIB$$1e62766c] is not eligible for getting processed by all BeanPostProcessors (for example: not eligible for auto-proxying)
2018-12-21 22:19:10.225  INFO 21793 --- [main] o.s.b.w.embedded.tomcat.TomcatWebServer  : Tomcat initialized with port(s): 8080 (http)
2018-12-21 22:19:10.268  INFO 21793 --- [main] o.apache.catalina.core.StandardService   : Starting service [Tomcat]
2018-12-21 22:19:10.269  INFO 21793 --- [main] org.apache.catalina.core.StandardEngine  : Starting Servlet Engine: Apache Tomcat/9.0.13
2018-12-21 22:19:10.290  INFO 21793 --- [main] o.a.catalina.core.AprLifecycleListener   : The APR based Apache Tomcat Native library which allows optimal performance in production environments was not found on the java.library.path: [/Users/rafaelveck/Library/Java/Extensions:/Library/Java/Extensions:/Network/Library/Java/Extensions:/System/Library/Java/Extensions:/usr/lib/java:.]
2018-12-21 22:19:10.490  INFO 21793 --- [main] o.a.c.c.C.[Tomcat].[localhost].[/]       : Initializing Spring embedded WebApplicationContext
2018-12-21 22:19:10.491  INFO 21793 --- [main] o.s.web.context.ContextLoader            : Root WebApplicationContext: initialization completed in 2473 ms
2018-12-21 22:19:10.867  INFO 21793 --- [main] com.zaxxer.hikari.HikariDataSource       : HikariPool-1 - Starting...
2018-12-21 22:19:11.101  INFO 21793 --- [main] com.zaxxer.hikari.HikariDataSource       : HikariPool-1 - Start completed.
2018-12-21 22:19:11.173  INFO 21793 --- [main] o.hibernate.jpa.internal.util.LogHelper  : HHH000204: Processing PersistenceUnitInfo [
	name: default
	...]
2018-12-21 22:19:11.296  INFO 21793 --- [main] org.hibernate.Version                    : HHH000412: Hibernate Core {5.3.7.Final}
2018-12-21 22:19:11.299  INFO 21793 --- [main] org.hibernate.cfg.Environment            : HHH000206: hibernate.properties not found
2018-12-21 22:19:11.527  INFO 21793 --- [main] o.hibernate.annotations.common.Version   : HCANN000001: Hibernate Commons Annotations {5.0.4.Final}
2018-12-21 22:19:11.760  INFO 21793 --- [main] org.hibernate.dialect.Dialect            : HHH000400: Using dialect: org.hibernate.dialect.MySQL5Dialect
2018-12-21 22:19:12.501  INFO 21793 --- [main] j.LocalContainerEntityManagerFactoryBean : Initialized JPA EntityManagerFactory for persistence unit 'default'
2018-12-21 22:19:12.853  INFO 21793 --- [main] f.a.AutowiredAnnotationBeanPostProcessor : Autowired annotation is not supported on static methods: public static void br.com.veck.carrinho.util.Mensagens.setERRO_CARRINHO_VAZIO(java.lang.String)
2018-12-21 22:19:12.855  INFO 21793 --- [main] f.a.AutowiredAnnotationBeanPostProcessor : Autowired annotation is not supported on static methods: public static void br.com.veck.carrinho.util.Mensagens.setERRO_CAMPO_OBRIGATORIO(java.lang.String)
2018-12-21 22:19:12.856  INFO 21793 --- [main] f.a.AutowiredAnnotationBeanPostProcessor : Autowired annotation is not supported on static methods: public static void br.com.veck.carrinho.util.Mensagens.setPRODUTO_JA_ADICIONADO(java.lang.String)
2018-12-21 22:19:12.856  INFO 21793 --- [main] f.a.AutowiredAnnotationBeanPostProcessor : Autowired annotation is not supported on static methods: public static void br.com.veck.carrinho.util.Mensagens.setERRO_PRODUTO_NAO_ENCONTRADO_PARA_ATUALIZACAO(java.lang.String)
2018-12-21 22:19:12.856  INFO 21793 --- [main] f.a.AutowiredAnnotationBeanPostProcessor : Autowired annotation is not supported on static methods: public static void br.com.veck.carrinho.util.Mensagens.setERRO_PRODUTO_NAO_ENCONTRADO_CARRINHO(java.lang.String)
2018-12-21 22:19:12.856  INFO 21793 --- [main] f.a.AutowiredAnnotationBeanPostProcessor : Autowired annotation is not supported on static methods: public static void br.com.veck.carrinho.util.Mensagens.setCAMPO_ID(java.lang.String)
2018-12-21 22:19:13.245  INFO 21793 --- [main] o.s.s.concurrent.ThreadPoolTaskExecutor  : Initializing ExecutorService 'applicationTaskExecutor'
2018-12-21 22:19:13.337  WARN 21793 --- [main] aWebConfiguration$JpaWebMvcConfiguration : spring.jpa.open-in-view is enabled by default. Therefore, database queries may be performed during view rendering. Explicitly configure spring.jpa.open-in-view to disable this warning
2018-12-21 22:19:13.857  INFO 21793 --- [main] o.s.b.w.embedded.tomcat.TomcatWebServer  : Tomcat started on port(s): 8080 (http) with context path ''
2018-12-21 22:19:13.863  INFO 21793 --- [main] b.com.veck.carrinho.CarrinhoApplication  : Started CarrinhoApplication in 6.432 seconds (JVM running for 7.076)
2018-12-21 22:19:18.214  INFO 21793 --- [http-nio-8080-exec-1] o.a.c.c.C.[Tomcat].[localhost].[/]       : Initializing Spring DispatcherServlet 'dispatcherServlet'
2018-12-21 22:19:18.214  INFO 21793 --- [http-nio-8080-exec-1] o.s.web.servlet.DispatcherServlet        : Initializing Servlet 'dispatcherServlet'
2018-12-21 22:19:18.224  INFO 21793 --- [http-nio-8080-exec-1] o.s.web.servlet.DispatcherServlet        : Completed initialization in 9 ms
2018-12-21 22:19:18.256  INFO 21793 --- [http-nio-8080-exec-1] b.c.v.c.c.RestCarrinhoController         : Consultando todos os produtos no carrinho
2018-12-21 22:30:48.014  INFO 22070 --- [main] b.com.veck.carrinho.CarrinhoApplication  : Starting CarrinhoApplication on MacBook-Pro.local with PID 22070 (/Users/rafaelveck/workspace/carrinhocomprassimples/target/classes started by rafaelveck in /Users/rafaelveck/workspace/carrinhocomprassimples)
2018-12-21 22:30:48.019  INFO 22070 --- [main] b.com.veck.carrinho.CarrinhoApplication  : No active profile set, falling back to default profiles: default
2018-12-21 22:30:49.013  INFO 22070 --- [main] .s.d.r.c.RepositoryConfigurationDelegate : Bootstrapping Spring Data repositories in DEFAULT mode.
2018-12-21 22:30:49.091  INFO 22070 --- [main] .s.d.r.c.RepositoryConfigurationDelegate : Finished Spring Data repository scanning in 68ms. Found 1 repository interfaces.
2018-12-21 22:30:49.633  INFO 22070 --- [main] trationDelegate$BeanPostProcessorChecker : Bean 'org.springframework.transaction.annotation.ProxyTransactionManagementConfiguration' of type [org.springframework.transaction.annotation.ProxyTransactionManagementConfiguration$$EnhancerBySpringCGLIB$$22ecc3bc] is not eligible for getting processed by all BeanPostProcessors (for example: not eligible for auto-proxying)
2018-12-21 22:30:50.142  INFO 22070 --- [main] o.s.b.w.embedded.tomcat.TomcatWebServer  : Tomcat initialized with port(s): 8080 (http)
2018-12-21 22:30:50.182  INFO 22070 --- [main] o.apache.catalina.core.StandardService   : Starting service [Tomcat]
2018-12-21 22:30:50.183  INFO 22070 --- [main] org.apache.catalina.core.StandardEngine  : Starting Servlet Engine: Apache Tomcat/9.0.13
2018-12-21 22:30:50.199  INFO 22070 --- [main] o.a.catalina.core.AprLifecycleListener   : The APR based Apache Tomcat Native library which allows optimal performance in production environments was not found on the java.library.path: [/Users/rafaelveck/Library/Java/Extensions:/Library/Java/Extensions:/Network/Library/Java/Extensions:/System/Library/Java/Extensions:/usr/lib/java:.]
2018-12-21 22:30:50.354  INFO 22070 --- [main] o.a.c.c.C.[Tomcat].[localhost].[/]       : Initializing Spring embedded WebApplicationContext
2018-12-21 22:30:50.355  INFO 22070 --- [main] o.s.web.context.ContextLoader            : Root WebApplicationContext: initialization completed in 2257 ms
2018-12-21 22:30:50.757  INFO 22070 --- [main] com.zaxxer.hikari.HikariDataSource       : HikariPool-1 - Starting...
2018-12-21 22:30:51.021  INFO 22070 --- [main] com.zaxxer.hikari.HikariDataSource       : HikariPool-1 - Start completed.
2018-12-21 22:30:51.098  INFO 22070 --- [main] o.hibernate.jpa.internal.util.LogHelper  : HHH000204: Processing PersistenceUnitInfo [
	name: default
	...]
2018-12-21 22:30:51.226  INFO 22070 --- [main] org.hibernate.Version                    : HHH000412: Hibernate Core {5.3.7.Final}
2018-12-21 22:30:51.229  INFO 22070 --- [main] org.hibernate.cfg.Environment            : HHH000206: hibernate.properties not found
2018-12-21 22:30:51.508  INFO 22070 --- [main] o.hibernate.annotations.common.Version   : HCANN000001: Hibernate Commons Annotations {5.0.4.Final}
2018-12-21 22:30:51.820  INFO 22070 --- [main] org.hibernate.dialect.Dialect            : HHH000400: Using dialect: org.hibernate.dialect.MySQL5Dialect
2018-12-21 22:30:52.831  INFO 22070 --- [main] j.LocalContainerEntityManagerFactoryBean : Initialized JPA EntityManagerFactory for persistence unit 'default'
2018-12-21 22:30:53.256  INFO 22070 --- [main] f.a.AutowiredAnnotationBeanPostProcessor : Autowired annotation is not supported on static methods: public static void br.com.veck.carrinho.util.Mensagens.setERRO_CARRINHO_VAZIO(java.lang.String)
2018-12-21 22:30:53.257  INFO 22070 --- [main] f.a.AutowiredAnnotationBeanPostProcessor : Autowired annotation is not supported on static methods: public static void br.com.veck.carrinho.util.Mensagens.setERRO_CAMPO_OBRIGATORIO(java.lang.String)
2018-12-21 22:30:53.258  INFO 22070 --- [main] f.a.AutowiredAnnotationBeanPostProcessor : Autowired annotation is not supported on static methods: public static void br.com.veck.carrinho.util.Mensagens.setPRODUTO_JA_ADICIONADO(java.lang.String)
2018-12-21 22:30:53.258  INFO 22070 --- [main] f.a.AutowiredAnnotationBeanPostProcessor : Autowired annotation is not supported on static methods: public static void br.com.veck.carrinho.util.Mensagens.setERRO_PRODUTO_NAO_ENCONTRADO_PARA_ATUALIZACAO(java.lang.String)
2018-12-21 22:30:53.258  INFO 22070 --- [main] f.a.AutowiredAnnotationBeanPostProcessor : Autowired annotation is not supported on static methods: public static void br.com.veck.carrinho.util.Mensagens.setERRO_PRODUTO_NAO_ENCONTRADO_CARRINHO(java.lang.String)
2018-12-21 22:30:53.258  INFO 22070 --- [main] f.a.AutowiredAnnotationBeanPostProcessor : Autowired annotation is not supported on static methods: public static void br.com.veck.carrinho.util.Mensagens.setCAMPO_ID(java.lang.String)
2018-12-21 22:30:53.751  INFO 22070 --- [main] o.s.s.concurrent.ThreadPoolTaskExecutor  : Initializing ExecutorService 'applicationTaskExecutor'
2018-12-21 22:30:53.855  WARN 22070 --- [main] aWebConfiguration$JpaWebMvcConfiguration : spring.jpa.open-in-view is enabled by default. Therefore, database queries may be performed during view rendering. Explicitly configure spring.jpa.open-in-view to disable this warning
2018-12-21 22:30:54.336  INFO 22070 --- [main] o.s.b.w.embedded.tomcat.TomcatWebServer  : Tomcat started on port(s): 8080 (http) with context path ''
2018-12-21 22:30:54.341  INFO 22070 --- [main] b.com.veck.carrinho.CarrinhoApplication  : Started CarrinhoApplication in 7.08 seconds (JVM running for 7.789)
2018-12-21 22:30:59.860  INFO 22070 --- [http-nio-8080-exec-2] o.a.c.c.C.[Tomcat].[localhost].[/]       : Initializing Spring DispatcherServlet 'dispatcherServlet'
2018-12-21 22:30:59.864  INFO 22070 --- [http-nio-8080-exec-2] o.s.web.servlet.DispatcherServlet        : Initializing Servlet 'dispatcherServlet'
2018-12-21 22:30:59.876  INFO 22070 --- [http-nio-8080-exec-2] o.s.web.servlet.DispatcherServlet        : Completed initialization in 12 ms
2018-12-21 22:30:59.922  INFO 22070 --- [http-nio-8080-exec-2] b.c.v.c.c.RestCarrinhoController         : Consultando todos os produtos no carrinho
2018-12-21 22:42:16.022  INFO 22314 --- [main] b.com.veck.carrinho.CarrinhoApplication  : Starting CarrinhoApplication on MacBook-Pro.local with PID 22314 (/Users/rafaelveck/workspace/carrinhocomprassimples/target/classes started by rafaelveck in /Users/rafaelveck/workspace/carrinhocomprassimples)
2018-12-21 22:42:16.028  INFO 22314 --- [main] b.com.veck.carrinho.CarrinhoApplication  : No active profile set, falling back to default profiles: default
2018-12-21 22:42:17.006  INFO 22314 --- [main] .s.d.r.c.RepositoryConfigurationDelegate : Bootstrapping Spring Data repositories in DEFAULT mode.
2018-12-21 22:42:17.080  INFO 22314 --- [main] .s.d.r.c.RepositoryConfigurationDelegate : Finished Spring Data repository scanning in 63ms. Found 1 repository interfaces.
2018-12-21 22:42:17.610  INFO 22314 --- [main] trationDelegate$BeanPostProcessorChecker : Bean 'org.springframework.transaction.annotation.ProxyTransactionManagementConfiguration' of type [org.springframework.transaction.annotation.ProxyTransactionManagementConfiguration$$EnhancerBySpringCGLIB$$587b3002] is not eligible for getting processed by all BeanPostProcessors (for example: not eligible for auto-proxying)
2018-12-21 22:42:18.109  INFO 22314 --- [main] o.s.b.w.embedded.tomcat.TomcatWebServer  : Tomcat initialized with port(s): 8080 (http)
2018-12-21 22:42:18.148  INFO 22314 --- [main] o.apache.catalina.core.StandardService   : Starting service [Tomcat]
2018-12-21 22:42:18.148  INFO 22314 --- [main] org.apache.catalina.core.StandardEngine  : Starting Servlet Engine: Apache Tomcat/9.0.13
2018-12-21 22:42:18.163  INFO 22314 --- [main] o.a.catalina.core.AprLifecycleListener   : The APR based Apache Tomcat Native library which allows optimal performance in production environments was not found on the java.library.path: [/Users/rafaelveck/Library/Java/Extensions:/Library/Java/Extensions:/Network/Library/Java/Extensions:/System/Library/Java/Extensions:/usr/lib/java:.]
2018-12-21 22:42:18.318  INFO 22314 --- [main] o.a.c.c.C.[Tomcat].[localhost].[/]       : Initializing Spring embedded WebApplicationContext
2018-12-21 22:42:18.319  INFO 22314 --- [main] o.s.web.context.ContextLoader            : Root WebApplicationContext: initialization completed in 2200 ms
2018-12-21 22:42:18.674  INFO 22314 --- [main] com.zaxxer.hikari.HikariDataSource       : HikariPool-1 - Starting...
2018-12-21 22:42:18.914  INFO 22314 --- [main] com.zaxxer.hikari.HikariDataSource       : HikariPool-1 - Start completed.
2018-12-21 22:42:18.990  INFO 22314 --- [main] o.hibernate.jpa.internal.util.LogHelper  : HHH000204: Processing PersistenceUnitInfo [
	name: default
	...]
2018-12-21 22:42:19.107  INFO 22314 --- [main] org.hibernate.Version                    : HHH000412: Hibernate Core {5.3.7.Final}
2018-12-21 22:42:19.109  INFO 22314 --- [main] org.hibernate.cfg.Environment            : HHH000206: hibernate.properties not found
2018-12-21 22:42:19.340  INFO 22314 --- [main] o.hibernate.annotations.common.Version   : HCANN000001: Hibernate Commons Annotations {5.0.4.Final}
2018-12-21 22:42:19.628  INFO 22314 --- [main] org.hibernate.dialect.Dialect            : HHH000400: Using dialect: org.hibernate.dialect.MySQL5Dialect
2018-12-21 22:42:20.647  INFO 22314 --- [main] j.LocalContainerEntityManagerFactoryBean : Initialized JPA EntityManagerFactory for persistence unit 'default'
2018-12-21 22:42:21.362  INFO 22314 --- [main] o.s.s.concurrent.ThreadPoolTaskExecutor  : Initializing ExecutorService 'applicationTaskExecutor'
2018-12-21 22:42:21.446  WARN 22314 --- [main] aWebConfiguration$JpaWebMvcConfiguration : spring.jpa.open-in-view is enabled by default. Therefore, database queries may be performed during view rendering. Explicitly configure spring.jpa.open-in-view to disable this warning
2018-12-21 22:42:21.857  INFO 22314 --- [main] o.s.b.w.embedded.tomcat.TomcatWebServer  : Tomcat started on port(s): 8080 (http) with context path ''
2018-12-21 22:42:21.867  INFO 22314 --- [main] b.com.veck.carrinho.CarrinhoApplication  : Started CarrinhoApplication in 6.583 seconds (JVM running for 7.212)
2018-12-21 22:42:32.448  INFO 22314 --- [http-nio-8080-exec-1] o.a.c.c.C.[Tomcat].[localhost].[/]       : Initializing Spring DispatcherServlet 'dispatcherServlet'
2018-12-21 22:42:32.448  INFO 22314 --- [http-nio-8080-exec-1] o.s.web.servlet.DispatcherServlet        : Initializing Servlet 'dispatcherServlet'
2018-12-21 22:42:32.460  INFO 22314 --- [http-nio-8080-exec-1] o.s.web.servlet.DispatcherServlet        : Completed initialization in 12 ms
2018-12-21 22:42:32.498  INFO 22314 --- [http-nio-8080-exec-1] b.c.v.c.c.RestCarrinhoController         : Consultando todos os produtos no carrinho
2018-12-21 22:42:38.063  INFO 22314 --- [http-nio-8080-exec-3] o.h.h.i.QueryTranslatorFactoryInitiator  : HHH000397: Using ASTQueryTranslatorFactory
2018-12-21 22:42:38.478  INFO 22314 --- [http-nio-8080-exec-3] b.c.v.c.c.RestProdutoController          : Consultando todos os produtos
2018-12-21 22:42:47.949  INFO 22314 --- [http-nio-8080-exec-4] b.c.v.c.c.RestCarrinhoController         : Adicionando produto null no carrinho
2018-12-21 22:42:59.641  INFO 22314 --- [http-nio-8080-exec-5] b.c.v.c.c.RestCarrinhoController         : Adicionando produto null no carrinho
2018-12-21 22:43:09.138  INFO 22314 --- [http-nio-8080-exec-6] b.c.v.c.c.RestProdutoController          : Consultando todos os produtos
2018-12-21 22:44:13.838  INFO 22314 --- [http-nio-8080-exec-9] b.c.v.c.c.RestProdutoController          : Consultando todos os produtos
2018-12-21 22:44:28.022  INFO 22360 --- [main] b.com.veck.carrinho.CarrinhoApplication  : Starting CarrinhoApplication on MacBook-Pro.local with PID 22360 (/Users/rafaelveck/workspace/carrinhocomprassimples/target/classes started by rafaelveck in /Users/rafaelveck/workspace/carrinhocomprassimples)
2018-12-21 22:44:28.032  INFO 22360 --- [main] b.com.veck.carrinho.CarrinhoApplication  : No active profile set, falling back to default profiles: default
2018-12-21 22:44:29.126  INFO 22360 --- [main] .s.d.r.c.RepositoryConfigurationDelegate : Bootstrapping Spring Data repositories in DEFAULT mode.
2018-12-21 22:44:29.220  INFO 22360 --- [main] .s.d.r.c.RepositoryConfigurationDelegate : Finished Spring Data repository scanning in 80ms. Found 1 repository interfaces.
2018-12-21 22:44:29.787  INFO 22360 --- [main] trationDelegate$BeanPostProcessorChecker : Bean 'org.springframework.transaction.annotation.ProxyTransactionManagementConfiguration' of type [org.springframework.transaction.annotation.ProxyTransactionManagementConfiguration$$EnhancerBySpringCGLIB$$f090caa1] is not eligible for getting processed by all BeanPostProcessors (for example: not eligible for auto-proxying)
2018-12-21 22:44:30.289  INFO 22360 --- [main] o.s.b.w.embedded.tomcat.TomcatWebServer  : Tomcat initialized with port(s): 8080 (http)
2018-12-21 22:44:30.323  INFO 22360 --- [main] o.apache.catalina.core.StandardService   : Starting service [Tomcat]
2018-12-21 22:44:30.324  INFO 22360 --- [main] org.apache.catalina.core.StandardEngine  : Starting Servlet Engine: Apache Tomcat/9.0.13
2018-12-21 22:44:30.341  INFO 22360 --- [main] o.a.catalina.core.AprLifecycleListener   : The APR based Apache Tomcat Native library which allows optimal performance in production environments was not found on the java.library.path: [/Users/rafaelveck/Library/Java/Extensions:/Library/Java/Extensions:/Network/Library/Java/Extensions:/System/Library/Java/Extensions:/usr/lib/java:.]
2018-12-21 22:44:30.498  INFO 22360 --- [main] o.a.c.c.C.[Tomcat].[localhost].[/]       : Initializing Spring embedded WebApplicationContext
2018-12-21 22:44:30.499  INFO 22360 --- [main] o.s.web.context.ContextLoader            : Root WebApplicationContext: initialization completed in 2364 ms
2018-12-21 22:44:30.873  INFO 22360 --- [main] com.zaxxer.hikari.HikariDataSource       : HikariPool-1 - Starting...
2018-12-21 22:44:31.109  INFO 22360 --- [main] com.zaxxer.hikari.HikariDataSource       : HikariPool-1 - Start completed.
2018-12-21 22:44:31.171  INFO 22360 --- [main] o.hibernate.jpa.internal.util.LogHelper  : HHH000204: Processing PersistenceUnitInfo [
	name: default
	...]
2018-12-21 22:44:31.280  INFO 22360 --- [main] org.hibernate.Version                    : HHH000412: Hibernate Core {5.3.7.Final}
2018-12-21 22:44:31.282  INFO 22360 --- [main] org.hibernate.cfg.Environment            : HHH000206: hibernate.properties not found
2018-12-21 22:44:31.447  INFO 22360 --- [main] o.hibernate.annotations.common.Version   : HCANN000001: Hibernate Commons Annotations {5.0.4.Final}
2018-12-21 22:44:31.641  INFO 22360 --- [main] org.hibernate.dialect.Dialect            : HHH000400: Using dialect: org.hibernate.dialect.MySQL5Dialect
2018-12-21 22:44:32.431  INFO 22360 --- [main] j.LocalContainerEntityManagerFactoryBean : Initialized JPA EntityManagerFactory for persistence unit 'default'
2018-12-21 22:44:33.093  INFO 22360 --- [main] o.s.s.concurrent.ThreadPoolTaskExecutor  : Initializing ExecutorService 'applicationTaskExecutor'
2018-12-21 22:44:33.173  WARN 22360 --- [main] aWebConfiguration$JpaWebMvcConfiguration : spring.jpa.open-in-view is enabled by default. Therefore, database queries may be performed during view rendering. Explicitly configure spring.jpa.open-in-view to disable this warning
2018-12-21 22:44:33.558  INFO 22360 --- [main] o.s.b.w.embedded.tomcat.TomcatWebServer  : Tomcat started on port(s): 8080 (http) with context path ''
2018-12-21 22:44:33.562  INFO 22360 --- [main] b.com.veck.carrinho.CarrinhoApplication  : Started CarrinhoApplication in 6.296 seconds (JVM running for 6.904)
2018-12-21 22:44:46.074  INFO 22360 --- [http-nio-8080-exec-2] o.a.c.c.C.[Tomcat].[localhost].[/]       : Initializing Spring DispatcherServlet 'dispatcherServlet'
2018-12-21 22:44:46.074  INFO 22360 --- [http-nio-8080-exec-2] o.s.web.servlet.DispatcherServlet        : Initializing Servlet 'dispatcherServlet'
2018-12-21 22:44:46.085  INFO 22360 --- [http-nio-8080-exec-2] o.s.web.servlet.DispatcherServlet        : Completed initialization in 11 ms
2018-12-21 22:44:46.248  INFO 22360 --- [http-nio-8080-exec-2] o.h.h.i.QueryTranslatorFactoryInitiator  : HHH000397: Using ASTQueryTranslatorFactory
2018-12-21 22:44:46.614  INFO 22360 --- [http-nio-8080-exec-2] b.c.v.c.c.RestProdutoController          : Consultando todos os produtos
2018-12-21 22:45:05.415  INFO 22360 --- [http-nio-8080-exec-3] b.c.v.c.c.RestCarrinhoController         : Adicionando produto null no carrinho
2018-12-21 22:45:12.970  INFO 22360 --- [http-nio-8080-exec-4] b.c.v.c.c.RestCarrinhoController         : Consultando todos os produtos no carrinho
